  [1m[36m (0.1ms)[0m  [1mselect sqlite_version(*)[0m
  [1m[35m (111.6ms)[0m  CREATE TABLE "schema_migrations" ("version" varchar(255) NOT NULL) 
  [1m[36m (0.1ms)[0m  [1mPRAGMA index_list("schema_migrations")[0m
  [1m[35m (134.0ms)[0m  CREATE UNIQUE INDEX "unique_schema_migrations" ON "schema_migrations" ("version")
  [1m[36m (0.1ms)[0m  [1mSELECT "schema_migrations"."version" FROM "schema_migrations" [0m
Migrating to CreateMovies (20111119180638)
  [1m[35m (0.6ms)[0m  CREATE TABLE "movies" ("id" INTEGER PRIMARY KEY AUTOINCREMENT NOT NULL, "title" varchar(255), "rating" varchar(255), "description" text, "release_date" datetime, "created_at" datetime, "updated_at" datetime) 
  [1m[36m (0.1ms)[0m  [1mINSERT INTO "schema_migrations" ("version") VALUES ('20111119180638')[0m
  [1m[35m (0.4ms)[0m  select sqlite_version(*)
  [1m[36m (0.1ms)[0m  [1mSELECT "schema_migrations"."version" FROM "schema_migrations" [0m
  [1m[35m (0.0ms)[0m  PRAGMA index_list("movies")
  [1m[36m (0.1ms)[0m  [1mSELECT "schema_migrations"."version" FROM "schema_migrations" [0m
  [1m[35mSQL (17.2ms)[0m  INSERT INTO "movies" ("created_at", "description", "rating", "release_date", "title", "updated_at") VALUES (?, ?, ?, ?, ?, ?)  [["created_at", 2013-08-04 01:23:25 UTC], ["description", nil], ["rating", "G"], ["release_date", 1992-11-25 00:00:00 UTC], ["title", "Aladdin"], ["updated_at", 2013-08-04 01:23:25 UTC]]
  [1m[36mSQL (0.7ms)[0m  [1mINSERT INTO "movies" ("created_at", "description", "rating", "release_date", "title", "updated_at") VALUES (?, ?, ?, ?, ?, ?)[0m  [["created_at", 2013-08-04 01:23:26 UTC], ["description", nil], ["rating", "R"], ["release_date", 1984-10-26 00:00:00 UTC], ["title", "The Terminator"], ["updated_at", 2013-08-04 01:23:26 UTC]]
  [1m[35mSQL (0.6ms)[0m  INSERT INTO "movies" ("created_at", "description", "rating", "release_date", "title", "updated_at") VALUES (?, ?, ?, ?, ?, ?)  [["created_at", 2013-08-04 01:23:26 UTC], ["description", nil], ["rating", "R"], ["release_date", 1989-07-21 00:00:00 UTC], ["title", "When Harry Met Sally"], ["updated_at", 2013-08-04 01:23:26 UTC]]
  [1m[36mSQL (0.7ms)[0m  [1mINSERT INTO "movies" ("created_at", "description", "rating", "release_date", "title", "updated_at") VALUES (?, ?, ?, ?, ?, ?)[0m  [["created_at", 2013-08-04 01:23:26 UTC], ["description", nil], ["rating", "PG-13"], ["release_date", 2011-08-10 00:00:00 UTC], ["title", "The Help"], ["updated_at", 2013-08-04 01:23:26 UTC]]
  [1m[35mSQL (0.6ms)[0m  INSERT INTO "movies" ("created_at", "description", "rating", "release_date", "title", "updated_at") VALUES (?, ?, ?, ?, ?, ?)  [["created_at", 2013-08-04 01:23:26 UTC], ["description", nil], ["rating", "PG-13"], ["release_date", 2001-01-05 00:00:00 UTC], ["title", "Chocolat"], ["updated_at", 2013-08-04 01:23:26 UTC]]
  [1m[36mSQL (0.7ms)[0m  [1mINSERT INTO "movies" ("created_at", "description", "rating", "release_date", "title", "updated_at") VALUES (?, ?, ?, ?, ?, ?)[0m  [["created_at", 2013-08-04 01:23:26 UTC], ["description", nil], ["rating", "R"], ["release_date", 2001-04-25 00:00:00 UTC], ["title", "Amelie"], ["updated_at", 2013-08-04 01:23:26 UTC]]
  [1m[35mSQL (0.6ms)[0m  INSERT INTO "movies" ("created_at", "description", "rating", "release_date", "title", "updated_at") VALUES (?, ?, ?, ?, ?, ?)  [["created_at", 2013-08-04 01:23:26 UTC], ["description", nil], ["rating", "G"], ["release_date", 1968-04-06 00:00:00 UTC], ["title", "2001: A Space Odyssey"], ["updated_at", 2013-08-04 01:23:26 UTC]]
  [1m[36mSQL (0.7ms)[0m  [1mINSERT INTO "movies" ("created_at", "description", "rating", "release_date", "title", "updated_at") VALUES (?, ?, ?, ?, ?, ?)[0m  [["created_at", 2013-08-04 01:23:26 UTC], ["description", nil], ["rating", "PG"], ["release_date", 2004-11-05 00:00:00 UTC], ["title", "The Incredibles"], ["updated_at", 2013-08-04 01:23:26 UTC]]
  [1m[35mSQL (0.6ms)[0m  INSERT INTO "movies" ("created_at", "description", "rating", "release_date", "title", "updated_at") VALUES (?, ?, ?, ?, ?, ?)  [["created_at", 2013-08-04 01:23:26 UTC], ["description", nil], ["rating", "PG"], ["release_date", 1981-06-12 00:00:00 UTC], ["title", "Raiders of the Lost Ark"], ["updated_at", 2013-08-04 01:23:26 UTC]]
  [1m[36mSQL (0.7ms)[0m  [1mINSERT INTO "movies" ("created_at", "description", "rating", "release_date", "title", "updated_at") VALUES (?, ?, ?, ?, ?, ?)[0m  [["created_at", 2013-08-04 01:23:26 UTC], ["description", nil], ["rating", "G"], ["release_date", 2000-06-21 00:00:00 UTC], ["title", "Chicken Run"], ["updated_at", 2013-08-04 01:23:26 UTC]]


Started GET "/assets/rails.png" for 127.0.0.1 at 2013-08-04 16:15:57 +0700
Served asset /rails.png - 200 OK (3ms)


Started GET "/movies" for 127.0.0.1 at 2013-08-04 16:16:04 +0700
  Processing by MoviesController#index as HTML
  [1m[36mMovie Load (0.3ms)[0m  [1mSELECT "movies".* FROM "movies" [0m
Rendered movies/index.html.haml within layouts/application (64.9ms)
Compiled application.css  (0ms)  (pid 29613)
Compiled application.js  (0ms)  (pid 29613)
Completed 200 OK in 103ms (Views: 100.7ms | ActiveRecord: 0.4ms)


Started GET "/assets/application.js?body=1" for 127.0.0.1 at 2013-08-04 16:16:05 +0700
Served asset /application.js - 200 OK (3ms)


Started GET "/assets/application.css?body=1" for 127.0.0.1 at 2013-08-04 16:16:05 +0700
Served asset /application.css - 200 OK (1ms)


Started GET "/movies" for 127.0.0.1 at 2013-08-04 16:16:15 +0700
  Processing by MoviesController#index as HTML
  [1m[35mMovie Load (0.3ms)[0m  SELECT "movies".* FROM "movies" 
Rendered movies/index.html.haml within layouts/application (15.1ms)
Compiled application.css  (0ms)  (pid 29613)
Completed 200 OK in 34ms (Views: 31.1ms | ActiveRecord: 0.7ms)


Started GET "/assets/application.css?body=1" for 127.0.0.1 at 2013-08-04 16:16:16 +0700
Served asset /application.css - 200 OK (4ms)


Started GET "/assets/application.js?body=1" for 127.0.0.1 at 2013-08-04 16:16:16 +0700
Served asset /application.js - 304 Not Modified (0ms)
